{"body":{"email":"1234@yahoo.com","password":"123","reenterpassword":"123","username":"123","yourName":"123"},"level":"info","method":"POST","params":{"0":"/register"},"service":"user-service","timestamp":"9/1/2023, 10:05:52 AM","url":"/register"}
{"body":{},"level":"info","method":"GET","params":{"0":"/logininpageimbd/styles.css"},"service":"user-service","timestamp":"9/1/2023, 10:05:53 AM","url":"/logininpageimbd/styles.css"}
{"body":{},"level":"info","method":"GET","params":{"0":"/public/www_imdb_logo._CB667618033_.png"},"service":"user-service","timestamp":"9/1/2023, 10:05:53 AM","url":"/public/www_imdb_logo._CB667618033_.png"}
{"body":{"email":"hi@hi.com","password":"hello","reenterpassword":"hello","username":"dre","yourName":"dre"},"level":"info","method":"POST","params":{"0":"/register"},"service":"user-service","timestamp":"9/1/2023, 10:06:09 AM","url":"/register"}
{"body":{},"level":"info","method":"GET","params":{"0":"/logininpageimbd/styles.css"},"service":"user-service","timestamp":"9/1/2023, 10:06:10 AM","url":"/logininpageimbd/styles.css"}
{"body":{},"level":"info","method":"GET","params":{"0":"/public/www_imdb_logo._CB667618033_.png"},"service":"user-service","timestamp":"9/1/2023, 10:06:10 AM","url":"/public/www_imdb_logo._CB667618033_.png"}
{"body":{"email":"hi@hi.com","password":"hello","reenterpassword":"hello","username":"dre","yourName":"dre"},"level":"info","method":"POST","params":{"0":"/register"},"service":"user-service","timestamp":"9/1/2023, 10:06:32 AM","url":"/register"}
{"body":{},"level":"info","method":"GET","params":{"0":"/logininpageimbd/styles.css"},"service":"user-service","timestamp":"9/1/2023, 10:06:32 AM","url":"/logininpageimbd/styles.css"}
{"body":{},"level":"info","method":"GET","params":{"0":"/public/www_imdb_logo._CB667618033_.png"},"service":"user-service","timestamp":"9/1/2023, 10:06:32 AM","url":"/public/www_imdb_logo._CB667618033_.png"}
{"body":{"email":"hi@hi.com","password":"hello","reenterpassword":"hello","username":"dre","yourName":"dre"},"level":"info","method":"POST","params":{"0":"/register"},"service":"user-service","timestamp":"9/1/2023, 10:09:26 AM","url":"/register"}
{"body":{},"level":"info","method":"GET","params":{"0":"/logininpageimbd/styles.css"},"service":"user-service","timestamp":"9/1/2023, 10:09:26 AM","url":"/logininpageimbd/styles.css"}
{"body":{},"level":"info","method":"GET","params":{"0":"/public/www_imdb_logo._CB667618033_.png"},"service":"user-service","timestamp":"9/1/2023, 10:09:26 AM","url":"/public/www_imdb_logo._CB667618033_.png"}
{"body":{"email":"1234@yahoo.com","password":"hien","reenterpassword":"hien","username":"hien","yourName":"123"},"level":"info","method":"POST","params":{"0":"/register"},"service":"user-service","timestamp":"9/1/2023, 10:09:35 AM","url":"/register"}
{"body":{},"level":"info","method":"GET","params":{"0":"/logininpageimbd/styles.css"},"service":"user-service","timestamp":"9/1/2023, 10:09:35 AM","url":"/logininpageimbd/styles.css"}
{"body":{},"level":"info","method":"GET","params":{"0":"/public/www_imdb_logo._CB667618033_.png"},"service":"user-service","timestamp":"9/1/2023, 10:09:35 AM","url":"/public/www_imdb_logo._CB667618033_.png"}
{"body":{"email":"1234@yahoo.com","password":"123","reenterpassword":"123","username":"123","yourName":"213"},"level":"info","method":"POST","params":{"0":"/register"},"service":"user-service","timestamp":"9/1/2023, 10:10:52 AM","url":"/register"}
{"body":{},"level":"info","method":"GET","params":{"0":"/logininpageimbd/styles.css"},"service":"user-service","timestamp":"9/1/2023, 10:10:53 AM","url":"/logininpageimbd/styles.css"}
{"body":{},"level":"info","method":"GET","params":{"0":"/public/www_imdb_logo._CB667618033_.png"},"service":"user-service","timestamp":"9/1/2023, 10:10:53 AM","url":"/public/www_imdb_logo._CB667618033_.png"}
{"body":{"email":"1234@yahoo.com","password":"123","reenterpassword":"123","username":"123","yourName":"123"},"level":"info","method":"POST","params":{"0":"/register"},"service":"user-service","timestamp":"9/1/2023, 10:11:58 AM","url":"/register"}
{"body":{},"level":"info","method":"GET","params":{"0":"/logininpageimbd/styles.css"},"service":"user-service","timestamp":"9/1/2023, 10:11:59 AM","url":"/logininpageimbd/styles.css"}
{"body":{},"level":"info","method":"GET","params":{"0":"/public/www_imdb_logo._CB667618033_.png"},"service":"user-service","timestamp":"9/1/2023, 10:11:59 AM","url":"/public/www_imdb_logo._CB667618033_.png"}
{"body":{"email":"","password":"","reenterpassword":"","username":"","yourName":""},"level":"info","method":"POST","params":{"0":"/register"},"service":"user-service","timestamp":"9/1/2023, 10:11:59 AM","url":"/register"}
{"body":{},"level":"info","method":"GET","params":{"0":"/logininpageimbd/styles.css"},"service":"user-service","timestamp":"9/1/2023, 10:11:59 AM","url":"/logininpageimbd/styles.css"}
{"body":{},"level":"info","method":"GET","params":{"0":"/public/www_imdb_logo._CB667618033_.png"},"service":"user-service","timestamp":"9/1/2023, 10:11:59 AM","url":"/public/www_imdb_logo._CB667618033_.png"}
{"body":{"email":"1234@yahoo.com","password":"hien","reenterpassword":"hien","username":"hi","yourName":"123"},"level":"info","method":"POST","params":{"0":"/register"},"service":"user-service","timestamp":"9/1/2023, 10:14:39 AM","url":"/register"}
{"body":{},"level":"info","method":"GET","params":{"0":"/logininpageimbd/styles.css"},"service":"user-service","timestamp":"9/1/2023, 10:14:39 AM","url":"/logininpageimbd/styles.css"}
{"body":{},"level":"info","method":"GET","params":{"0":"/public/www_imdb_logo._CB667618033_.png"},"service":"user-service","timestamp":"9/1/2023, 10:14:39 AM","url":"/public/www_imdb_logo._CB667618033_.png"}
{"body":{"email":"1234@yahoo.com","password":"hien","reenterpassword":"hien","username":"hi","yourName":"123"},"level":"info","method":"POST","params":{"0":"/register"},"service":"user-service","timestamp":"9/1/2023, 10:15:01 AM","url":"/register"}
{"body":{},"level":"info","method":"GET","params":{"0":"/logininpageimbd/styles.css"},"service":"user-service","timestamp":"9/1/2023, 10:15:01 AM","url":"/logininpageimbd/styles.css"}
{"body":{},"level":"info","method":"GET","params":{"0":"/public/www_imdb_logo._CB667618033_.png"},"service":"user-service","timestamp":"9/1/2023, 10:15:01 AM","url":"/public/www_imdb_logo._CB667618033_.png"}
{"body":{"email":"hien.d.nguyen1997@gmail.com","password":"hi","reenterpassword":"hi","username":"hi","yourName":"hi"},"level":"info","method":"POST","params":{"0":"/register"},"service":"user-service","timestamp":"9/1/2023, 10:15:37 AM","url":"/register"}
{"body":{"email":"","password":"","reenterpassword":"","username":"","yourName":""},"level":"info","method":"POST","params":{"0":"/register"},"service":"user-service","timestamp":"9/1/2023, 10:26:29 AM","url":"/register"}
{"body":{"email":"","password":"","reenterpassword":"","username":"","yourName":""},"level":"info","method":"POST","params":{"0":"/register"},"service":"user-service","timestamp":"9/1/2023, 10:26:46 AM","url":"/register"}
{"body":{},"level":"info","method":"GET","params":{"0":"/logininpageimbd/styles.css"},"service":"user-service","timestamp":"9/1/2023, 10:26:46 AM","url":"/logininpageimbd/styles.css"}
{"body":{},"level":"info","method":"GET","params":{"0":"/public/www_imdb_logo._CB667618033_.png"},"service":"user-service","timestamp":"9/1/2023, 10:26:46 AM","url":"/public/www_imdb_logo._CB667618033_.png"}
{"body":{"email":"1234@yahoo.com","password":"hien","reenterpassword":"hien","username":"hien","yourName":"fdsa"},"level":"info","method":"POST","params":{"0":"/register"},"service":"user-service","timestamp":"9/1/2023, 10:26:54 AM","url":"/register"}
{"body":{},"level":"info","method":"GET","params":{"0":"/logininpageimbd/styles.css"},"service":"user-service","timestamp":"9/1/2023, 10:26:54 AM","url":"/logininpageimbd/styles.css"}
{"body":{},"level":"info","method":"GET","params":{"0":"/public/www_imdb_logo._CB667618033_.png"},"service":"user-service","timestamp":"9/1/2023, 10:26:54 AM","url":"/public/www_imdb_logo._CB667618033_.png"}
{"body":{"email":"1234@yahoo.com","password":"123","reenterpassword":"123","username":"123","yourName":"123"},"level":"info","method":"POST","params":{"0":"/register"},"service":"user-service","timestamp":"9/1/2023, 10:28:17 AM","url":"/register"}
{"body":{},"level":"info","method":"GET","params":{"0":"/logininpageimbd/styles.css"},"service":"user-service","timestamp":"9/1/2023, 10:28:17 AM","url":"/logininpageimbd/styles.css"}
{"body":{},"level":"info","method":"GET","params":{"0":"/public/www_imdb_logo._CB667618033_.png"},"service":"user-service","timestamp":"9/1/2023, 10:28:17 AM","url":"/public/www_imdb_logo._CB667618033_.png"}
{"body":{"email":"1234@yahoo.com","password":"123","reenterpassword":"123","username":"123","yourName":"123"},"level":"info","method":"POST","params":{"0":"/register"},"service":"user-service","timestamp":"9/1/2023, 10:30:09 AM","url":"/register"}
{"body":{},"level":"info","method":"GET","params":{"0":"/logininpageimbd/styles.css"},"service":"user-service","timestamp":"9/1/2023, 10:30:09 AM","url":"/logininpageimbd/styles.css"}
{"body":{},"level":"info","method":"GET","params":{"0":"/public/www_imdb_logo._CB667618033_.png"},"service":"user-service","timestamp":"9/1/2023, 10:30:09 AM","url":"/public/www_imdb_logo._CB667618033_.png"}
{"body":{"email":"hin@hien.com","password":"hien","reenterpassword":"hien","username":"hien","yourName":"hien"},"level":"info","method":"POST","params":{"0":"/register"},"service":"user-service","timestamp":"9/1/2023, 10:30:17 AM","url":"/register"}
{"body":{},"level":"info","method":"GET","params":{"0":"/logininpageimbd/styles.css"},"service":"user-service","timestamp":"9/1/2023, 10:30:17 AM","url":"/logininpageimbd/styles.css"}
{"body":{},"level":"info","method":"GET","params":{"0":"/public/www_imdb_logo._CB667618033_.png"},"service":"user-service","timestamp":"9/1/2023, 10:30:17 AM","url":"/public/www_imdb_logo._CB667618033_.png"}
{"body":{"email":"hin@hien.com","password":"hien","reenterpassword":"hien","username":"hien","yourName":"hien"},"level":"info","method":"POST","params":{"0":"/register"},"service":"user-service","timestamp":"9/1/2023, 10:32:10 AM","url":"/register"}
{"body":{},"level":"info","method":"GET","params":{"0":"/logininpageimbd/styles.css"},"service":"user-service","timestamp":"9/1/2023, 10:32:11 AM","url":"/logininpageimbd/styles.css"}
{"body":{},"level":"info","method":"GET","params":{"0":"/public/www_imdb_logo._CB667618033_.png"},"service":"user-service","timestamp":"9/1/2023, 10:32:11 AM","url":"/public/www_imdb_logo._CB667618033_.png"}
{"body":{"email":"hien.d.nguyen1997@gmail.com","password":"hien","reenterpassword":"hien","username":"hien","yourName":"hien"},"level":"info","method":"POST","params":{"0":"/register"},"service":"user-service","timestamp":"9/1/2023, 10:32:23 AM","url":"/register"}
{"body":{},"level":"info","method":"GET","params":{"0":"/logininpageimbd/styles.css"},"service":"user-service","timestamp":"9/1/2023, 10:32:24 AM","url":"/logininpageimbd/styles.css"}
{"body":{},"level":"info","method":"GET","params":{"0":"/public/www_imdb_logo._CB667618033_.png"},"service":"user-service","timestamp":"9/1/2023, 10:32:24 AM","url":"/public/www_imdb_logo._CB667618033_.png"}
{"body":{"email":"hien.d.nguyen1997@gmail.com","password":"hien","reenterpassword":"hien","username":"hien","yourName":"hien"},"level":"info","method":"POST","params":{"0":"/register"},"service":"user-service","timestamp":"9/1/2023, 10:32:46 AM","url":"/register"}
{"body":{},"level":"info","method":"GET","params":{"0":"/logininpageimbd/styles.css"},"service":"user-service","timestamp":"9/1/2023, 10:32:46 AM","url":"/logininpageimbd/styles.css"}
{"body":{},"level":"info","method":"GET","params":{"0":"/public/www_imdb_logo._CB667618033_.png"},"service":"user-service","timestamp":"9/1/2023, 10:32:46 AM","url":"/public/www_imdb_logo._CB667618033_.png"}
{"body":{"email":"hien.d.nguyen1997@gmail.com","password":"hien","reenterpassword":"hien","username":"hien","yourName":"hien"},"level":"info","method":"POST","params":{"0":"/register"},"service":"user-service","timestamp":"9/1/2023, 10:33:02 AM","url":"/register"}
{"body":{},"level":"info","method":"GET","params":{"0":"/logininpageimbd/styles.css"},"service":"user-service","timestamp":"9/1/2023, 10:33:03 AM","url":"/logininpageimbd/styles.css"}
{"body":{},"level":"info","method":"GET","params":{"0":"/public/www_imdb_logo._CB667618033_.png"},"service":"user-service","timestamp":"9/1/2023, 10:33:03 AM","url":"/public/www_imdb_logo._CB667618033_.png"}
{"body":{"email":"hien.d.nguyen1997@gmail.com","password":"hien","reenterpassword":"hien","username":"hien","yourName":"hien"},"level":"info","method":"POST","params":{"0":"/register"},"service":"user-service","timestamp":"9/1/2023, 10:33:51 AM","url":"/register"}
{"body":{},"level":"info","method":"GET","params":{"0":"/logininpageimbd/styles.css"},"service":"user-service","timestamp":"9/1/2023, 10:33:51 AM","url":"/logininpageimbd/styles.css"}
{"body":{},"level":"info","method":"GET","params":{"0":"/public/www_imdb_logo._CB667618033_.png"},"service":"user-service","timestamp":"9/1/2023, 10:33:51 AM","url":"/public/www_imdb_logo._CB667618033_.png"}
{"body":{},"level":"info","method":"GET","params":{"0":"/"},"service":"user-service","timestamp":"9/1/2023, 10:33:56 AM","url":"/"}
{"body":{},"level":"info","method":"GET","params":{"0":"/logininpageimbd/styles.css"},"service":"user-service","timestamp":"9/1/2023, 10:33:56 AM","url":"/logininpageimbd/styles.css"}
{"body":{},"level":"info","method":"GET","params":{"0":"/public/www_imdb_logo._CB667618033_.png"},"service":"user-service","timestamp":"9/1/2023, 10:33:56 AM","url":"/public/www_imdb_logo._CB667618033_.png"}
{"body":{"email":"1234@yahoo.com","password":"123","reenterpassword":"123","username":"123","yourName":"123"},"level":"info","method":"POST","params":{"0":"/register"},"service":"user-service","timestamp":"9/1/2023, 10:34:01 AM","url":"/register"}
{"body":{},"level":"info","method":"GET","params":{"0":"/logininpageimbd/styles.css"},"service":"user-service","timestamp":"9/1/2023, 10:34:02 AM","url":"/logininpageimbd/styles.css"}
{"body":{},"level":"info","method":"GET","params":{"0":"/public/www_imdb_logo._CB667618033_.png"},"service":"user-service","timestamp":"9/1/2023, 10:34:02 AM","url":"/public/www_imdb_logo._CB667618033_.png"}
{"body":{"email":"1234@yahoo.com","password":"123","reenterpassword":"123","username":"123","yourName":"123"},"level":"info","method":"POST","params":{"0":"/register"},"service":"user-service","timestamp":"9/1/2023, 10:35:04 AM","url":"/register"}
{"body":{},"level":"info","method":"GET","params":{"0":"/logininpageimbd/styles.css"},"service":"user-service","timestamp":"9/1/2023, 10:35:04 AM","url":"/logininpageimbd/styles.css"}
{"body":{},"level":"info","method":"GET","params":{"0":"/public/www_imdb_logo._CB667618033_.png"},"service":"user-service","timestamp":"9/1/2023, 10:35:04 AM","url":"/public/www_imdb_logo._CB667618033_.png"}
{"body":{"email":"1234@yahoo.com","password":"123","reenterpassword":"123","username":"123","yourName":"123"},"level":"info","method":"POST","params":{"0":"/register"},"service":"user-service","timestamp":"9/1/2023, 10:35:23 AM","url":"/register"}
{"body":{},"level":"info","method":"GET","params":{"0":"/logininpageimbd/styles.css"},"service":"user-service","timestamp":"9/1/2023, 10:35:23 AM","url":"/logininpageimbd/styles.css"}
{"body":{},"level":"info","method":"GET","params":{"0":"/public/www_imdb_logo._CB667618033_.png"},"service":"user-service","timestamp":"9/1/2023, 10:35:23 AM","url":"/public/www_imdb_logo._CB667618033_.png"}
{"body":{"email":"1234@yahoo.com","password":"123","reenterpassword":"123","username":"123","yourName":"123"},"level":"info","method":"POST","params":{"0":"/register"},"service":"user-service","timestamp":"9/1/2023, 10:36:05 AM","url":"/register"}
{"body":{},"level":"info","method":"GET","params":{"0":"/logininpageimbd/styles.css"},"service":"user-service","timestamp":"9/1/2023, 10:36:05 AM","url":"/logininpageimbd/styles.css"}
{"body":{},"level":"info","method":"GET","params":{"0":"/public/www_imdb_logo._CB667618033_.png"},"service":"user-service","timestamp":"9/1/2023, 10:36:05 AM","url":"/public/www_imdb_logo._CB667618033_.png"}
{"body":{"email":"1234@yahoo.com","password":"123","reenterpassword":"123","username":"123","yourName":"123"},"level":"info","method":"POST","params":{"0":"/register"},"service":"user-service","timestamp":"9/1/2023, 10:36:09 AM","url":"/register"}
{"body":{},"level":"info","method":"GET","params":{"0":"/logininpageimbd/styles.css"},"service":"user-service","timestamp":"9/1/2023, 10:36:09 AM","url":"/logininpageimbd/styles.css"}
{"body":{},"level":"info","method":"GET","params":{"0":"/public/www_imdb_logo._CB667618033_.png"},"service":"user-service","timestamp":"9/1/2023, 10:36:09 AM","url":"/public/www_imdb_logo._CB667618033_.png"}
{"body":{},"level":"info","method":"GET","params":{"0":"/"},"service":"user-service","timestamp":"9/1/2023, 10:36:13 AM","url":"/"}
{"body":{},"level":"info","method":"GET","params":{"0":"/logininpageimbd/styles.css"},"service":"user-service","timestamp":"9/1/2023, 10:36:13 AM","url":"/logininpageimbd/styles.css"}
{"body":{},"level":"info","method":"GET","params":{"0":"/public/www_imdb_logo._CB667618033_.png"},"service":"user-service","timestamp":"9/1/2023, 10:36:13 AM","url":"/public/www_imdb_logo._CB667618033_.png"}
{"body":{},"level":"info","method":"GET","params":{"0":"/"},"service":"user-service","timestamp":"9/1/2023, 11:08:15 AM","url":"/"}
{"body":{},"level":"info","method":"GET","params":{"0":"/logininpageimbd/styles.css"},"service":"user-service","timestamp":"9/1/2023, 11:08:15 AM","url":"/logininpageimbd/styles.css"}
{"body":{},"level":"info","method":"GET","params":{"0":"/public/www_imdb_logo._CB667618033_.png"},"service":"user-service","timestamp":"9/1/2023, 11:08:15 AM","url":"/public/www_imdb_logo._CB667618033_.png"}
{"body":{},"level":"info","method":"GET","params":{"0":"/"},"service":"user-service","timestamp":"9/1/2023, 11:08:16 AM","url":"/"}
{"body":{},"level":"info","method":"GET","params":{"0":"/logininpageimbd/styles.css"},"service":"user-service","timestamp":"9/1/2023, 11:08:16 AM","url":"/logininpageimbd/styles.css"}
{"body":{},"level":"info","method":"GET","params":{"0":"/public/www_imdb_logo._CB667618033_.png"},"service":"user-service","timestamp":"9/1/2023, 11:08:16 AM","url":"/public/www_imdb_logo._CB667618033_.png"}
{"body":{},"level":"info","method":"GET","params":{"0":"/"},"service":"user-service","timestamp":"9/1/2023, 11:08:35 AM","url":"/"}
{"body":{},"level":"info","method":"GET","params":{"0":"/logininpageimbd/styles.css"},"service":"user-service","timestamp":"9/1/2023, 11:08:35 AM","url":"/logininpageimbd/styles.css"}
{"body":{},"level":"info","method":"GET","params":{"0":"/public/www_imdb_logo._CB667618033_.png"},"service":"user-service","timestamp":"9/1/2023, 11:08:35 AM","url":"/public/www_imdb_logo._CB667618033_.png"}
{"body":{},"level":"info","method":"GET","params":{"0":"/"},"service":"user-service","timestamp":"9/1/2023, 11:08:36 AM","url":"/"}
{"body":{},"level":"info","method":"GET","params":{"0":"/logininpageimbd/styles.css"},"service":"user-service","timestamp":"9/1/2023, 11:08:36 AM","url":"/logininpageimbd/styles.css"}
{"body":{},"level":"info","method":"GET","params":{"0":"/public/www_imdb_logo._CB667618033_.png"},"service":"user-service","timestamp":"9/1/2023, 11:08:36 AM","url":"/public/www_imdb_logo._CB667618033_.png"}
{"body":{},"level":"info","method":"GET","params":{"0":"/"},"service":"user-service","timestamp":"9/1/2023, 11:08:36 AM","url":"/"}
{"body":{},"level":"info","method":"GET","params":{"0":"/logininpageimbd/styles.css"},"service":"user-service","timestamp":"9/1/2023, 11:08:36 AM","url":"/logininpageimbd/styles.css"}
{"body":{},"level":"info","method":"GET","params":{"0":"/public/www_imdb_logo._CB667618033_.png"},"service":"user-service","timestamp":"9/1/2023, 11:08:36 AM","url":"/public/www_imdb_logo._CB667618033_.png"}
{"body":{},"level":"info","method":"GET","params":{"0":"/"},"service":"user-service","timestamp":"9/1/2023, 11:08:36 AM","url":"/"}
{"body":{},"level":"info","method":"GET","params":{"0":"/logininpageimbd/styles.css"},"service":"user-service","timestamp":"9/1/2023, 11:08:36 AM","url":"/logininpageimbd/styles.css"}
{"body":{},"level":"info","method":"GET","params":{"0":"/public/www_imdb_logo._CB667618033_.png"},"service":"user-service","timestamp":"9/1/2023, 11:08:36 AM","url":"/public/www_imdb_logo._CB667618033_.png"}
{"body":{},"level":"info","method":"GET","params":{"0":"/"},"service":"user-service","timestamp":"9/1/2023, 11:09:06 AM","url":"/"}
{"body":{},"level":"info","method":"GET","params":{"0":"/logininpageimbd/styles.css"},"service":"user-service","timestamp":"9/1/2023, 11:09:06 AM","url":"/logininpageimbd/styles.css"}
{"body":{},"level":"info","method":"GET","params":{"0":"/public/www_imdb_logo._CB667618033_.png"},"service":"user-service","timestamp":"9/1/2023, 11:09:06 AM","url":"/public/www_imdb_logo._CB667618033_.png"}
{"body":{},"level":"info","method":"GET","params":{"0":"/"},"service":"user-service","timestamp":"9/1/2023, 11:09:07 AM","url":"/"}
{"body":{},"level":"info","method":"GET","params":{"0":"/logininpageimbd/styles.css"},"service":"user-service","timestamp":"9/1/2023, 11:09:07 AM","url":"/logininpageimbd/styles.css"}
{"body":{},"level":"info","method":"GET","params":{"0":"/public/www_imdb_logo._CB667618033_.png"},"service":"user-service","timestamp":"9/1/2023, 11:09:07 AM","url":"/public/www_imdb_logo._CB667618033_.png"}
{"body":{},"level":"info","method":"GET","params":{"0":"/"},"service":"user-service","timestamp":"9/1/2023, 11:09:35 AM","url":"/"}
{"body":{},"level":"info","method":"GET","params":{"0":"/logininpageimbd/styles.css"},"service":"user-service","timestamp":"9/1/2023, 11:09:35 AM","url":"/logininpageimbd/styles.css"}
{"body":{},"level":"info","method":"GET","params":{"0":"/public/www_imdb_logo._CB667618033_.png"},"service":"user-service","timestamp":"9/1/2023, 11:09:35 AM","url":"/public/www_imdb_logo._CB667618033_.png"}
{"body":{},"level":"info","method":"GET","params":{"0":"/"},"service":"user-service","timestamp":"9/1/2023, 11:10:02 AM","url":"/"}
{"body":{},"level":"info","method":"GET","params":{"0":"/logininpageimbd/styles.css"},"service":"user-service","timestamp":"9/1/2023, 11:10:02 AM","url":"/logininpageimbd/styles.css"}
{"body":{},"level":"info","method":"GET","params":{"0":"/public/www_imdb_logo._CB667618033_.png"},"service":"user-service","timestamp":"9/1/2023, 11:10:02 AM","url":"/public/www_imdb_logo._CB667618033_.png"}
{"body":{},"level":"info","method":"GET","params":{"0":"/"},"service":"user-service","timestamp":"9/1/2023, 11:10:03 AM","url":"/"}
{"body":{},"level":"info","method":"GET","params":{"0":"/logininpageimbd/styles.css"},"service":"user-service","timestamp":"9/1/2023, 11:10:03 AM","url":"/logininpageimbd/styles.css"}
{"body":{},"level":"info","method":"GET","params":{"0":"/public/www_imdb_logo._CB667618033_.png"},"service":"user-service","timestamp":"9/1/2023, 11:10:03 AM","url":"/public/www_imdb_logo._CB667618033_.png"}
{"body":{},"level":"info","method":"GET","params":{"0":"/"},"service":"user-service","timestamp":"9/1/2023, 11:11:17 AM","url":"/"}
{"body":{},"level":"info","method":"GET","params":{"0":"/logininpageimbd/styles.css"},"service":"user-service","timestamp":"9/1/2023, 11:11:17 AM","url":"/logininpageimbd/styles.css"}
{"body":{},"level":"info","method":"GET","params":{"0":"/public/www_imdb_logo._CB667618033_.png"},"service":"user-service","timestamp":"9/1/2023, 11:11:17 AM","url":"/public/www_imdb_logo._CB667618033_.png"}
{"body":{},"level":"info","method":"GET","params":{"0":"/"},"service":"user-service","timestamp":"9/1/2023, 11:13:18 AM","url":"/"}
{"body":{},"level":"info","method":"GET","params":{"0":"/logininpageimbd/styles.css"},"service":"user-service","timestamp":"9/1/2023, 11:13:18 AM","url":"/logininpageimbd/styles.css"}
{"body":{},"level":"info","method":"GET","params":{"0":"/public/www_imdb_logo._CB667618033_.png"},"service":"user-service","timestamp":"9/1/2023, 11:13:18 AM","url":"/public/www_imdb_logo._CB667618033_.png"}
{"body":{"email":"","password":"","reenterpassword":"","username":"","yourName":""},"level":"info","method":"POST","params":{"0":"/register"},"service":"user-service","timestamp":"9/1/2023, 11:13:37 AM","url":"/register"}
{"body":{},"level":"info","method":"GET","params":{"0":"/logininpageimbd/styles.css"},"service":"user-service","timestamp":"9/1/2023, 11:13:37 AM","url":"/logininpageimbd/styles.css"}
{"body":{},"level":"info","method":"GET","params":{"0":"/public/www_imdb_logo._CB667618033_.png"},"service":"user-service","timestamp":"9/1/2023, 11:13:37 AM","url":"/public/www_imdb_logo._CB667618033_.png"}
{"body":{},"level":"info","method":"GET","params":{"0":"/"},"service":"user-service","timestamp":"9/1/2023, 11:17:05 AM","url":"/"}
{"body":{},"level":"info","method":"GET","params":{"0":"/logininpageimbd/styles.css"},"service":"user-service","timestamp":"9/1/2023, 11:17:05 AM","url":"/logininpageimbd/styles.css"}
{"body":{},"level":"info","method":"GET","params":{"0":"/public/www_imdb_logo._CB667618033_.png"},"service":"user-service","timestamp":"9/1/2023, 11:17:05 AM","url":"/public/www_imdb_logo._CB667618033_.png"}
{"body":{},"level":"info","method":"GET","params":{"0":"/logininpageimbd/styles.css"},"service":"user-service","timestamp":"9/1/2023, 11:17:05 AM","url":"/logininpageimbd/styles.css"}
{"body":{},"level":"info","method":"GET","params":{"0":"/"},"service":"user-service","timestamp":"9/1/2023, 11:17:06 AM","url":"/"}
{"body":{},"level":"info","method":"GET","params":{"0":"/logininpageimbd/styles.css"},"service":"user-service","timestamp":"9/1/2023, 11:17:06 AM","url":"/logininpageimbd/styles.css"}
{"body":{},"level":"info","method":"GET","params":{"0":"/public/www_imdb_logo._CB667618033_.png"},"service":"user-service","timestamp":"9/1/2023, 11:17:06 AM","url":"/public/www_imdb_logo._CB667618033_.png"}
{"body":{},"level":"info","method":"GET","params":{"0":"/"},"service":"user-service","timestamp":"9/1/2023, 11:17:11 AM","url":"/"}
{"body":{},"level":"info","method":"GET","params":{"0":"/logininpageimbd/styles.css"},"service":"user-service","timestamp":"9/1/2023, 11:17:11 AM","url":"/logininpageimbd/styles.css"}
{"body":{},"level":"info","method":"GET","params":{"0":"/public/www_imdb_logo._CB667618033_.png"},"service":"user-service","timestamp":"9/1/2023, 11:17:11 AM","url":"/public/www_imdb_logo._CB667618033_.png"}
{"body":{"email":"hi@gm.com","password":"zach","reenterpassword":"zach","username":"zach","yourName":"fdsa"},"level":"info","method":"POST","params":{"0":"/register"},"service":"user-service","timestamp":"9/1/2023, 11:17:29 AM","url":"/register"}
{"body":{},"level":"info","method":"GET","params":{"0":"/logininpageimbd/styles.css"},"service":"user-service","timestamp":"9/1/2023, 11:17:29 AM","url":"/logininpageimbd/styles.css"}
{"body":{},"level":"info","method":"GET","params":{"0":"/public/www_imdb_logo._CB667618033_.png"},"service":"user-service","timestamp":"9/1/2023, 11:17:29 AM","url":"/public/www_imdb_logo._CB667618033_.png"}
{"body":{"email":"zach@hi.com","password":"hello12345","reenterpassword":"hello12345","username":"zach","yourName":"zcch"},"level":"info","method":"POST","params":{"0":"/register"},"service":"user-service","timestamp":"9/1/2023, 11:17:54 AM","url":"/register"}
{"body":{},"level":"info","method":"GET","params":{"0":"/logininpageimbd/styles.css"},"service":"user-service","timestamp":"9/1/2023, 11:17:54 AM","url":"/logininpageimbd/styles.css"}
{"body":{},"level":"info","method":"GET","params":{"0":"/public/www_imdb_logo._CB667618033_.png"},"service":"user-service","timestamp":"9/1/2023, 11:17:54 AM","url":"/public/www_imdb_logo._CB667618033_.png"}
{"body":{"email":"zach@hi.com","password":"hello12345","reenterpassword":"hello12345","username":"zach","yourName":"zcch"},"level":"info","method":"POST","params":{"0":"/register"},"service":"user-service","timestamp":"9/1/2023, 11:19:14 AM","url":"/register"}
{"body":{},"level":"info","method":"GET","params":{"0":"/logininpageimbd/styles.css"},"service":"user-service","timestamp":"9/1/2023, 11:19:14 AM","url":"/logininpageimbd/styles.css"}
{"body":{"email":"1234@yahoo.com","password":"hello123456","reenterpassword":"hello123456","username":"123","yourName":"fdsa"},"level":"info","method":"POST","params":{"0":"/register"},"service":"user-service","timestamp":"9/1/2023, 11:19:28 AM","url":"/register"}
{"body":{},"level":"info","method":"GET","params":{"0":"/logininpageimbd/styles.css"},"service":"user-service","timestamp":"9/1/2023, 11:19:28 AM","url":"/logininpageimbd/styles.css"}
{"body":{"email":"1234@yahoo.com","password":"hello123456","reenterpassword":"hello123456","username":"123","yourName":"fdsa"},"level":"info","method":"POST","params":{"0":"/register"},"service":"user-service","timestamp":"9/1/2023, 11:20:17 AM","url":"/register"}
{"body":{},"level":"info","method":"GET","params":{"0":"/logininpageimbd/styles.css"},"service":"user-service","timestamp":"9/1/2023, 11:20:17 AM","url":"/logininpageimbd/styles.css"}
{"body":{"email":"1234@yahoo.com","password":"hello123456","reenterpassword":"hello123456","username":"123","yourName":"fdsa"},"level":"info","method":"POST","params":{"0":"/register"},"service":"user-service","timestamp":"9/1/2023, 11:20:20 AM","url":"/register"}
{"body":{},"level":"info","method":"GET","params":{"0":"/logininpageimbd/styles.css"},"service":"user-service","timestamp":"9/1/2023, 11:20:20 AM","url":"/logininpageimbd/styles.css"}
{"body":{"email":"1234@yahoo.com","password":"hello123456","reenterpassword":"hello123456","username":"123","yourName":"fdsa"},"level":"info","method":"POST","params":{"0":"/register"},"service":"user-service","timestamp":"9/1/2023, 11:20:52 AM","url":"/register"}
{"body":{},"level":"info","method":"GET","params":{"0":"/logininpageimbd/styles.css"},"service":"user-service","timestamp":"9/1/2023, 11:20:52 AM","url":"/logininpageimbd/styles.css"}
{"body":{"email":"1234@yahoo.com","password":"hello123456","reenterpassword":"hello123456","username":"123","yourName":"fdsa"},"level":"info","method":"POST","params":{"0":"/register"},"service":"user-service","timestamp":"9/1/2023, 11:21:29 AM","url":"/register"}
{"body":{"email":"1234@yahoo.com","password":"hello123456","reenterpassword":"hello123456","username":"123","yourName":"fdsa"},"level":"info","method":"POST","params":{"0":"/register"},"service":"user-service","timestamp":"9/1/2023, 11:23:05 AM","url":"/register"}
{"body":{"email":"1234@yahoo.com","password":"hello123456","reenterpassword":"hello123456","username":"123","yourName":"fdsa"},"level":"info","method":"POST","params":{"0":"/register"},"service":"user-service","timestamp":"9/1/2023, 11:23:12 AM","url":"/register"}
{"body":{"email":"1234@yahoo.com","password":"hello123456","reenterpassword":"hello123456","username":"123","yourName":"fdsa"},"level":"info","method":"POST","params":{"0":"/register"},"service":"user-service","timestamp":"9/1/2023, 11:30:14 AM","url":"/register"}
{"body":{},"level":"info","method":"GET","params":{"0":"/logininpageimbd/styles.css"},"service":"user-service","timestamp":"9/1/2023, 11:30:14 AM","url":"/logininpageimbd/styles.css"}
{"body":{},"level":"info","method":"GET","params":{"0":"/logininpageimbd/styles.css"},"service":"user-service","timestamp":"9/1/2023, 11:30:14 AM","url":"/logininpageimbd/styles.css"}
{"body":{"email":"hien.d.nguyen1997@gmail.com","password":"hello1234","reenterpassword":"hello1234","username":"hello","yourName":"hi"},"level":"info","method":"POST","params":{"0":"/register"},"service":"user-service","timestamp":"9/1/2023, 11:30:26 AM","url":"/register"}
{"body":{},"level":"info","method":"GET","params":{"0":"/logininpageimbd/styles.css"},"service":"user-service","timestamp":"9/1/2023, 11:30:26 AM","url":"/logininpageimbd/styles.css"}
{"body":{"email":"hien.d.nguyen1997@gmail.com","password":"hello1234","reenterpassword":"hello1234","username":"hello","yourName":"hi"},"level":"info","method":"POST","params":{"0":"/register"},"service":"user-service","timestamp":"9/1/2023, 11:31:14 AM","url":"/register"}
{"body":{},"level":"info","method":"GET","params":{"0":"/logininpageimbd/styles.css"},"service":"user-service","timestamp":"9/1/2023, 11:31:15 AM","url":"/logininpageimbd/styles.css"}
{"body":{"email":"hien.d.nguyen1997@gmail.com","password":"hello12345","reenterpassword":"hello12345","username":"he4321","yourName":"hien"},"level":"info","method":"POST","params":{"0":"/register"},"service":"user-service","timestamp":"9/1/2023, 11:31:28 AM","url":"/register"}
{"body":{},"level":"info","method":"GET","params":{"0":"/logininpageimbd/styles.css"},"service":"user-service","timestamp":"9/1/2023, 11:31:28 AM","url":"/logininpageimbd/styles.css"}
{"body":{"email":"hien.d.nguyen1997@gmail.com","password":"hello12345","reenterpassword":"hello12345","username":"he4321","yourName":"hien"},"level":"info","method":"POST","params":{"0":"/register"},"service":"user-service","timestamp":"9/1/2023, 11:34:20 AM","url":"/register"}
{"body":{},"level":"info","method":"GET","params":{"0":"/logininpageimbd/styles.css"},"service":"user-service","timestamp":"9/1/2023, 11:34:21 AM","url":"/logininpageimbd/styles.css"}
{"body":{"email":"hien.d.nguyen1997@gmail.com","password":"hello1234567","reenterpassword":"hello1234567","username":"hellohello","yourName":"fdsafdas"},"level":"info","method":"POST","params":{"0":"/register"},"service":"user-service","timestamp":"9/1/2023, 11:34:32 AM","url":"/register"}
{"body":{},"level":"info","method":"GET","params":{"0":"/logininpageimbd/styles.css"},"service":"user-service","timestamp":"9/1/2023, 11:34:33 AM","url":"/logininpageimbd/styles.css"}
{"body":{},"level":"info","method":"GET","params":{"0":"/logininpageimbd/styles.css"},"service":"user-service","timestamp":"9/1/2023, 11:34:33 AM","url":"/logininpageimbd/styles.css"}
{"body":{"email":"1234@yahoo.com","password":"1234567he","reenterpassword":"1234567he","username":"123123123123","yourName":"123"},"level":"info","method":"POST","params":{"0":"/register"},"service":"user-service","timestamp":"9/1/2023, 11:35:49 AM","url":"/register"}
{"body":{},"level":"info","method":"GET","params":{"0":"/logininpageimbd/styles.css"},"service":"user-service","timestamp":"9/1/2023, 11:35:49 AM","url":"/logininpageimbd/styles.css"}
{"body":{"email":"hien.d.nguyen1997@gmail.com","password":"hello12345","reenterpassword":"hello12345","username":"12345","yourName":"fdsa"},"level":"info","method":"POST","params":{"0":"/register"},"service":"user-service","timestamp":"9/1/2023, 11:36:22 AM","url":"/register"}
{"body":{},"level":"info","method":"GET","params":{"0":"/logininpageimbd/styles.css"},"service":"user-service","timestamp":"9/1/2023, 11:36:23 AM","url":"/logininpageimbd/styles.css"}
{"body":{},"level":"info","method":"GET","params":{"0":"/logininpageimbd/styles.css"},"service":"user-service","timestamp":"9/1/2023, 11:36:23 AM","url":"/logininpageimbd/styles.css"}
{"body":{"email":"hien.d.nguyen1997@gmail.com","password":"12345678","reenterpassword":"12345678","username":"hihihihi","yourName":"hello"},"level":"info","method":"POST","params":{"0":"/register"},"service":"user-service","timestamp":"9/1/2023, 11:36:32 AM","url":"/register"}
{"body":{},"level":"info","method":"GET","params":{"0":"/logininpageimbd/styles.css"},"service":"user-service","timestamp":"9/1/2023, 11:36:32 AM","url":"/logininpageimbd/styles.css"}
{"body":{"email":"hien.d.nguyen1997@gmail.com","password":"12345678","reenterpassword":"12345678","username":"hihihihi","yourName":"hello"},"level":"info","method":"POST","params":{"0":"/register"},"service":"user-service","timestamp":"9/1/2023, 11:37:13 AM","url":"/register"}
{"body":{},"level":"info","method":"GET","params":{"0":"/logininpageimbd/styles.css"},"service":"user-service","timestamp":"9/1/2023, 11:37:14 AM","url":"/logininpageimbd/styles.css"}
{"body":{"email":"hien.d.nguyen1997@gmail.com","password":"hello123456","reenterpassword":"hello123456","username":"jfdsakfjads","yourName":"henfoejfekjf"},"level":"info","method":"POST","params":{"0":"/register"},"service":"user-service","timestamp":"9/1/2023, 11:37:29 AM","url":"/register"}
{"body":{},"level":"info","method":"GET","params":{"0":"/logininpageimbd/styles.css"},"service":"user-service","timestamp":"9/1/2023, 11:37:29 AM","url":"/logininpageimbd/styles.css"}
{"body":{"email":"hien.d.nguyen1997@gmail.com","password":"hello123456","reenterpassword":"hello123456","username":"jfdsakfjads","yourName":"henfoejfekjf"},"level":"info","method":"POST","params":{"0":"/register"},"service":"user-service","timestamp":"9/1/2023, 11:40:00 AM","url":"/register"}
{"body":{},"level":"info","method":"GET","params":{"0":"/logininpageimbd/styles.css"},"service":"user-service","timestamp":"9/1/2023, 11:40:00 AM","url":"/logininpageimbd/styles.css"}
{"body":{"email":"hien.d.nguyen1997@gmail.com","password":"hi12345678","reenterpassword":"hi12345678","username":"fdas","yourName":"fdsa"},"level":"info","method":"POST","params":{"0":"/register"},"service":"user-service","timestamp":"9/1/2023, 11:40:14 AM","url":"/register"}
{"body":{},"level":"info","method":"GET","params":{"0":"/logininpageimbd/styles.css"},"service":"user-service","timestamp":"9/1/2023, 11:40:14 AM","url":"/logininpageimbd/styles.css"}
{"body":{"email":"hien.d.nguyen1997@gmail.com","password":"hi12345678","reenterpassword":"hi12345678","username":"fdas","yourName":"fdsa"},"level":"info","method":"POST","params":{"0":"/register"},"service":"user-service","timestamp":"9/1/2023, 11:44:14 AM","url":"/register"}
{"body":{},"level":"info","method":"GET","params":{"0":"/logininpageimbd/styles.css"},"service":"user-service","timestamp":"9/1/2023, 11:44:14 AM","url":"/logininpageimbd/styles.css"}
{"body":{"email":"hien.d.nguyen1997@gmail.com","password":"new123456","reenterpassword":"new123456","username":"123812u39812","yourName":"fdsa"},"level":"info","method":"POST","params":{"0":"/register"},"service":"user-service","timestamp":"9/1/2023, 11:44:27 AM","url":"/register"}
{"body":{},"level":"info","method":"GET","params":{"0":"/logininpageimbd/styles.css"},"service":"user-service","timestamp":"9/1/2023, 11:44:27 AM","url":"/logininpageimbd/styles.css"}
{"body":{"email":"hien.d.nguyen1997@gmail.com","password":"new123456","reenterpassword":"new123456","username":"123812u39812","yourName":"fdsa"},"level":"info","method":"POST","params":{"0":"/register"},"service":"user-service","timestamp":"9/1/2023, 11:45:10 AM","url":"/register"}
{"body":{},"level":"info","method":"GET","params":{"0":"/logininpageimbd/styles.css"},"service":"user-service","timestamp":"9/1/2023, 11:45:11 AM","url":"/logininpageimbd/styles.css"}
{"body":{"email":"hien.d.nguyen1997@gmail.com","password":"new1234567","reenterpassword":"new123456","username":"fdas","yourName":"1234"},"level":"info","method":"POST","params":{"0":"/register"},"service":"user-service","timestamp":"9/1/2023, 11:45:24 AM","url":"/register"}
{"body":{},"level":"info","method":"GET","params":{"0":"/logininpageimbd/styles.css"},"service":"user-service","timestamp":"9/1/2023, 11:45:24 AM","url":"/logininpageimbd/styles.css"}
{"body":{"email":"hien.d.nguyen1997@gmail.com","password":"new1234567","reenterpassword":"new123456","username":"fdas","yourName":"1234"},"level":"info","method":"POST","params":{"0":"/register"},"service":"user-service","timestamp":"9/1/2023, 11:54:37 AM","url":"/register"}
{"body":{},"level":"info","method":"GET","params":{"0":"/logininpageimbd/styles.css"},"service":"user-service","timestamp":"9/1/2023, 11:54:38 AM","url":"/logininpageimbd/styles.css"}
{"body":{"email":"hien.d.nguyen1997@gmail.com","password":"new1234567","reenterpassword":"new123456","username":"fdas","yourName":"1234"},"level":"info","method":"POST","params":{"0":"/register"},"service":"user-service","timestamp":"9/1/2023, 11:57:01 AM","url":"/register"}
{"body":{},"level":"info","method":"GET","params":{"0":"/logininpageimbd/styles.css"},"service":"user-service","timestamp":"9/1/2023, 11:57:01 AM","url":"/logininpageimbd/styles.css"}
{"body":{},"level":"info","method":"GET","params":{"0":"/"},"service":"user-service","timestamp":"9/1/2023, 11:57:07 AM","url":"/"}
{"body":{},"level":"info","method":"GET","params":{"0":"/logininpageimbd/styles.css"},"service":"user-service","timestamp":"9/1/2023, 11:57:07 AM","url":"/logininpageimbd/styles.css"}
{"body":{},"level":"info","method":"GET","params":{"0":"/"},"service":"user-service","timestamp":"9/1/2023, 12:00:31 PM","url":"/"}
{"body":{},"level":"info","method":"GET","params":{"0":"/logininpageimbd/styles.css"},"service":"user-service","timestamp":"9/1/2023, 12:00:31 PM","url":"/logininpageimbd/styles.css"}
{"body":{},"level":"info","method":"GET","params":{"0":"/"},"service":"user-service","timestamp":"9/1/2023, 12:00:48 PM","url":"/"}
{"body":{},"level":"info","method":"GET","params":{"0":"/logininpageimbd/styles.css"},"service":"user-service","timestamp":"9/1/2023, 12:00:48 PM","url":"/logininpageimbd/styles.css"}
{"body":{},"level":"info","method":"GET","params":{"0":"/"},"service":"user-service","timestamp":"9/1/2023, 12:01:25 PM","url":"/"}
{"body":{},"level":"info","method":"GET","params":{"0":"/logininpageimbd/styles.css"},"service":"user-service","timestamp":"9/1/2023, 12:01:25 PM","url":"/logininpageimbd/styles.css"}
{"body":{},"level":"info","method":"GET","params":{"0":"/"},"service":"user-service","timestamp":"9/1/2023, 12:01:46 PM","url":"/"}
{"body":{},"level":"info","method":"GET","params":{"0":"/logininpageimbd/styles.css"},"service":"user-service","timestamp":"9/1/2023, 12:01:46 PM","url":"/logininpageimbd/styles.css"}
{"body":{},"level":"info","method":"GET","params":{"0":"/"},"service":"user-service","timestamp":"9/1/2023, 12:01:50 PM","url":"/"}
{"body":{},"level":"info","method":"GET","params":{"0":"/logininpageimbd/styles.css"},"service":"user-service","timestamp":"9/1/2023, 12:01:50 PM","url":"/logininpageimbd/styles.css"}
{"body":{},"level":"info","method":"GET","params":{"0":"/"},"service":"user-service","timestamp":"9/1/2023, 12:06:01 PM","url":"/"}
{"body":{},"level":"info","method":"GET","params":{"0":"/logininpageimbd/styles.css"},"service":"user-service","timestamp":"9/1/2023, 12:06:01 PM","url":"/logininpageimbd/styles.css"}
{"body":{},"level":"info","method":"GET","params":{"0":"/"},"service":"user-service","timestamp":"9/1/2023, 12:06:09 PM","url":"/"}
{"body":{},"level":"info","method":"GET","params":{"0":"/logininpageimbd/styles.css"},"service":"user-service","timestamp":"9/1/2023, 12:06:09 PM","url":"/logininpageimbd/styles.css"}
{"body":{},"level":"info","method":"GET","params":{"0":"/"},"service":"user-service","timestamp":"9/1/2023, 12:06:10 PM","url":"/"}
{"body":{},"level":"info","method":"GET","params":{"0":"/logininpageimbd/styles.css"},"service":"user-service","timestamp":"9/1/2023, 12:06:10 PM","url":"/logininpageimbd/styles.css"}
{"body":{},"level":"info","method":"GET","params":{"0":"/"},"service":"user-service","timestamp":"9/1/2023, 12:06:10 PM","url":"/"}
{"body":{},"level":"info","method":"GET","params":{"0":"/logininpageimbd/styles.css"},"service":"user-service","timestamp":"9/1/2023, 12:06:10 PM","url":"/logininpageimbd/styles.css"}
{"body":{},"level":"info","method":"GET","params":{"0":"/"},"service":"user-service","timestamp":"9/1/2023, 12:06:10 PM","url":"/"}
{"body":{},"level":"info","method":"GET","params":{"0":"/logininpageimbd/styles.css"},"service":"user-service","timestamp":"9/1/2023, 12:06:10 PM","url":"/logininpageimbd/styles.css"}
{"body":{},"level":"info","method":"GET","params":{"0":"/"},"service":"user-service","timestamp":"9/1/2023, 12:06:11 PM","url":"/"}
{"body":{},"level":"info","method":"GET","params":{"0":"/logininpageimbd/styles.css"},"service":"user-service","timestamp":"9/1/2023, 12:06:11 PM","url":"/logininpageimbd/styles.css"}
{"body":{},"level":"info","method":"GET","params":{"0":"/"},"service":"user-service","timestamp":"9/1/2023, 12:06:11 PM","url":"/"}
{"body":{},"level":"info","method":"GET","params":{"0":"/logininpageimbd/styles.css"},"service":"user-service","timestamp":"9/1/2023, 12:06:11 PM","url":"/logininpageimbd/styles.css"}
{"body":{},"level":"info","method":"GET","params":{"0":"/"},"service":"user-service","timestamp":"9/1/2023, 12:06:11 PM","url":"/"}
{"body":{},"level":"info","method":"GET","params":{"0":"/logininpageimbd/styles.css"},"service":"user-service","timestamp":"9/1/2023, 12:06:11 PM","url":"/logininpageimbd/styles.css"}
{"body":{},"level":"info","method":"GET","params":{"0":"/"},"service":"user-service","timestamp":"9/1/2023, 12:06:42 PM","url":"/"}
{"body":{},"level":"info","method":"GET","params":{"0":"/logininpageimbd/styles.css"},"service":"user-service","timestamp":"9/1/2023, 12:06:42 PM","url":"/logininpageimbd/styles.css"}
{"body":{},"level":"info","method":"GET","params":{"0":"/"},"service":"user-service","timestamp":"9/1/2023, 12:06:47 PM","url":"/"}
{"body":{},"level":"info","method":"GET","params":{"0":"/logininpageimbd/styles.css"},"service":"user-service","timestamp":"9/1/2023, 12:06:47 PM","url":"/logininpageimbd/styles.css"}
{"body":{},"level":"info","method":"GET","params":{"0":"/"},"service":"user-service","timestamp":"9/1/2023, 12:07:57 PM","url":"/"}
{"body":{},"level":"info","method":"GET","params":{"0":"/logininpageimbd/styles.css"},"service":"user-service","timestamp":"9/1/2023, 12:07:57 PM","url":"/logininpageimbd/styles.css"}
{"body":{},"level":"info","method":"GET","params":{"0":"/"},"service":"user-service","timestamp":"9/1/2023, 12:07:58 PM","url":"/"}
{"body":{},"level":"info","method":"GET","params":{"0":"/logininpageimbd/styles.css"},"service":"user-service","timestamp":"9/1/2023, 12:07:58 PM","url":"/logininpageimbd/styles.css"}
{"body":{},"level":"info","method":"GET","params":{"0":"/"},"service":"user-service","timestamp":"9/1/2023, 12:10:25 PM","url":"/"}
{"body":{},"level":"info","method":"GET","params":{"0":"/logininpageimbd/styles.css"},"service":"user-service","timestamp":"9/1/2023, 12:10:25 PM","url":"/logininpageimbd/styles.css"}
{"body":{},"level":"info","method":"GET","params":{"0":"/"},"service":"user-service","timestamp":"9/1/2023, 12:10:27 PM","url":"/"}
{"body":{},"level":"info","method":"GET","params":{"0":"/logininpageimbd/styles.css"},"service":"user-service","timestamp":"9/1/2023, 12:10:27 PM","url":"/logininpageimbd/styles.css"}
{"body":{},"level":"info","method":"GET","params":{"0":"/login"},"service":"user-service","timestamp":"9/1/2023, 12:10:45 PM","url":"/login"}
{"body":{},"level":"info","method":"GET","params":{"0":"/"},"service":"user-service","timestamp":"9/1/2023, 12:11:16 PM","url":"/"}
{"body":{},"level":"info","method":"GET","params":{"0":"/logininpageimbd/styles.css"},"service":"user-service","timestamp":"9/1/2023, 12:11:16 PM","url":"/logininpageimbd/styles.css"}
{"body":{},"level":"info","method":"GET","params":{"0":"/login"},"service":"user-service","timestamp":"9/1/2023, 12:11:19 PM","url":"/login"}
{"body":{},"level":"info","method":"GET","params":{"0":"/logininpageimbd/styles.css"},"service":"user-service","timestamp":"9/1/2023, 12:11:19 PM","url":"/logininpageimbd/styles.css"}
{"body":{},"level":"info","method":"GET","params":{"0":"/login"},"service":"user-service","timestamp":"9/1/2023, 12:11:25 PM","url":"/login"}
{"body":{},"level":"info","method":"GET","params":{"0":"/logininpageimbd/styles.css"},"service":"user-service","timestamp":"9/1/2023, 12:11:25 PM","url":"/logininpageimbd/styles.css"}
{"body":{},"level":"info","method":"GET","params":{"0":"/"},"service":"user-service","timestamp":"9/1/2023, 12:11:46 PM","url":"/"}
{"body":{},"level":"info","method":"GET","params":{"0":"/logininpageimbd/styles.css"},"service":"user-service","timestamp":"9/1/2023, 12:11:46 PM","url":"/logininpageimbd/styles.css"}
{"body":{"email":"hien@yahoo.com","password":"whatever123","reenterpassword":"whatever123","username":"kinghien","yourName":"hien nguyen"},"level":"info","method":"POST","params":{"0":"/register"},"service":"user-service","timestamp":"9/1/2023, 12:12:11 PM","url":"/register"}
{"body":{},"level":"info","method":"GET","params":{"0":"/logininpageimbd/styles.css"},"service":"user-service","timestamp":"9/1/2023, 12:12:12 PM","url":"/logininpageimbd/styles.css"}
{"body":{"email":"hien@yahoo.com","password":"whatever123","reenterpassword":"whatever123","username":"kinghien","yourName":"hien nguyen"},"level":"info","method":"POST","params":{"0":"/register"},"service":"user-service","timestamp":"9/1/2023, 12:12:22 PM","url":"/register"}
{"body":{},"level":"info","method":"GET","params":{"0":"/logininpageimbd/styles.css"},"service":"user-service","timestamp":"9/1/2023, 12:12:22 PM","url":"/logininpageimbd/styles.css"}
{"body":{},"level":"info","method":"GET","params":{"0":"/login"},"service":"user-service","timestamp":"9/1/2023, 12:12:27 PM","url":"/login"}
{"body":{},"level":"info","method":"GET","params":{"0":"/logininpageimbd/styles.css"},"service":"user-service","timestamp":"9/1/2023, 12:12:27 PM","url":"/logininpageimbd/styles.css"}
{"body":{"email":"hien@yahoo.com","password":"whatever123"},"level":"info","method":"POST","params":{"0":"/login"},"service":"user-service","timestamp":"9/1/2023, 12:12:35 PM","url":"/login"}
{"body":{},"level":"info","method":"GET","params":{"0":"/logininpageimbd/styles.css"},"service":"user-service","timestamp":"9/1/2023, 12:12:35 PM","url":"/logininpageimbd/styles.css"}
{"body":{},"level":"info","method":"GET","params":{"0":"/login"},"service":"user-service","timestamp":"9/1/2023, 12:12:39 PM","url":"/login"}
{"body":{"email":"hien@yahoo.com","password":"whatever123","reenterpassword":"whatever123","username":"kinghien","yourName":"hien nguyen"},"level":"info","method":"POST","params":{"0":"/register"},"service":"user-service","timestamp":"9/1/2023, 12:12:44 PM","url":"/register"}
{"body":{},"level":"info","method":"GET","params":{"0":"/logininpageimbd/styles.css"},"service":"user-service","timestamp":"9/1/2023, 12:12:44 PM","url":"/logininpageimbd/styles.css"}
{"body":{"email":"hien@yahoo.com","password":"whatever123","reenterpassword":"whatever123","username":"kinghien","yourName":"hien nguyen"},"level":"info","method":"POST","params":{"0":"/register"},"service":"user-service","timestamp":"9/1/2023, 12:13:06 PM","url":"/register"}
{"body":{},"level":"info","method":"GET","params":{"0":"/logininpageimbd/styles.css"},"service":"user-service","timestamp":"9/1/2023, 12:13:06 PM","url":"/logininpageimbd/styles.css"}
{"body":{"email":"hien@yahoo.com","password":"whatever123","reenterpassword":"whatever123","username":"kinghien","yourName":"hien nguyen"},"level":"info","method":"POST","params":{"0":"/register"},"service":"user-service","timestamp":"9/1/2023, 12:13:41 PM","url":"/register"}
{"body":{},"level":"info","method":"GET","params":{"0":"/logininpageimbd/styles.css"},"service":"user-service","timestamp":"9/1/2023, 12:13:41 PM","url":"/logininpageimbd/styles.css"}
{"body":{"email":"hien@yahoo.com","password":"whatever123","reenterpassword":"whatever123","username":"kinghien","yourName":"hien nguyen"},"level":"info","method":"POST","params":{"0":"/register"},"service":"user-service","timestamp":"9/1/2023, 12:14:17 PM","url":"/register"}
{"body":{},"level":"info","method":"GET","params":{"0":"/logininpageimbd/styles.css"},"service":"user-service","timestamp":"9/1/2023, 12:14:17 PM","url":"/logininpageimbd/styles.css"}
{"body":{"email":"hien@yahoo.com","password":"whatever123","reenterpassword":"whatever123","username":"kinghien","yourName":"hien nguyen"},"level":"info","method":"POST","params":{"0":"/register"},"service":"user-service","timestamp":"9/1/2023, 12:15:03 PM","url":"/register"}
{"body":{},"level":"info","method":"GET","params":{"0":"/logininpageimbd/styles.css"},"service":"user-service","timestamp":"9/1/2023, 12:15:04 PM","url":"/logininpageimbd/styles.css"}
{"body":{"email":"hien@yahoo.com","password":"whatever123","reenterpassword":"whatever123","username":"kinghien","yourName":"hien nguyen"},"level":"info","method":"POST","params":{"0":"/register"},"service":"user-service","timestamp":"9/1/2023, 12:15:55 PM","url":"/register"}
{"body":{},"level":"info","method":"GET","params":{"0":"/logininpageimbd/styles.css"},"service":"user-service","timestamp":"9/1/2023, 12:15:55 PM","url":"/logininpageimbd/styles.css"}
{"body":{"email":"hien@yahoo.com","password":"whatever123","reenterpassword":"whatever123","username":"kinghien","yourName":"hien nguyen"},"level":"info","method":"POST","params":{"0":"/register"},"service":"user-service","timestamp":"9/1/2023, 12:16:47 PM","url":"/register"}
{"body":{},"level":"info","method":"GET","params":{"0":"/logininpageimbd/styles.css"},"service":"user-service","timestamp":"9/1/2023, 12:16:47 PM","url":"/logininpageimbd/styles.css"}
{"body":{"email":"hien@yahoo.com","password":"whatever123","reenterpassword":"whatever123","username":"kinghien","yourName":"hien nguyen"},"level":"info","method":"POST","params":{"0":"/register"},"service":"user-service","timestamp":"9/1/2023, 1:26:45 PM","url":"/register"}
{"body":{},"level":"info","method":"GET","params":{"0":"/logininpageimbd/styles.css"},"service":"user-service","timestamp":"9/1/2023, 1:26:45 PM","url":"/logininpageimbd/styles.css"}
{"body":{},"level":"info","method":"GET","params":{"0":"/logininpageimbd/styles.css"},"service":"user-service","timestamp":"9/1/2023, 1:26:45 PM","url":"/logininpageimbd/styles.css"}
{"body":{"email":"hien@yahoo.com","password":"whatever123","reenterpassword":"whatever123","username":"kinghien","yourName":"hien nguyen"},"level":"info","method":"POST","params":{"0":"/register"},"service":"user-service","timestamp":"9/1/2023, 1:27:56 PM","url":"/register"}
{"body":{},"level":"info","method":"GET","params":{"0":"/logininpageimbd/styles.css"},"service":"user-service","timestamp":"9/1/2023, 1:27:56 PM","url":"/logininpageimbd/styles.css"}
{"body":{},"level":"info","method":"GET","params":{"0":"/login"},"service":"user-service","timestamp":"9/1/2023, 1:28:19 PM","url":"/login"}
{"body":{},"level":"info","method":"GET","params":{"0":"/logininpageimbd/styles.css"},"service":"user-service","timestamp":"9/1/2023, 1:28:19 PM","url":"/logininpageimbd/styles.css"}
{"body":{},"level":"info","method":"GET","params":{"0":"/logininpageimbd/styles.css"},"service":"user-service","timestamp":"9/1/2023, 1:28:19 PM","url":"/logininpageimbd/styles.css"}
{"body":{"email":"hien@yahoo.com","password":"whatever123","reenterpassword":"whatever123","username":"kinghien","yourName":"hien nguyen"},"level":"info","method":"POST","params":{"0":"/register"},"service":"user-service","timestamp":"9/1/2023, 1:30:14 PM","url":"/register"}
{"body":{},"level":"info","method":"GET","params":{"0":"/logininpageimbd/styles.css"},"service":"user-service","timestamp":"9/1/2023, 1:30:14 PM","url":"/logininpageimbd/styles.css"}
{"body":{"email":"hien@yahoo.com","password":"whatever123","reenterpassword":"whatever123","username":"kinghien","yourName":"hien nguyen"},"level":"info","method":"POST","params":{"0":"/register"},"service":"user-service","timestamp":"9/1/2023, 1:30:18 PM","url":"/register"}
{"body":{},"level":"info","method":"GET","params":{"0":"/logininpageimbd/styles.css"},"service":"user-service","timestamp":"9/1/2023, 1:30:18 PM","url":"/logininpageimbd/styles.css"}
{"body":{"email":"hien@yahoo.com","password":"whatever123","reenterpassword":"whatever123","username":"kinghien","yourName":"hien nguyen"},"level":"info","method":"POST","params":{"0":"/register"},"service":"user-service","timestamp":"9/1/2023, 1:31:13 PM","url":"/register"}
{"body":{},"level":"info","method":"GET","params":{"0":"/logininpageimbd/styles.css"},"service":"user-service","timestamp":"9/1/2023, 1:31:13 PM","url":"/logininpageimbd/styles.css"}
{"body":{"email":"hien@yahoo.com","password":"whatever123","reenterpassword":"whatever123","username":"kinghien","yourName":"hien nguyen"},"level":"info","method":"POST","params":{"0":"/register"},"service":"user-service","timestamp":"9/1/2023, 1:32:24 PM","url":"/register"}
{"body":{},"level":"info","method":"GET","params":{"0":"/logininpageimbd/styles.css"},"service":"user-service","timestamp":"9/1/2023, 1:32:24 PM","url":"/logininpageimbd/styles.css"}
{"body":{"email":"hien@yahoo.com","password":"whatever123","reenterpassword":"whatever123","username":"kinghien","yourName":"hien nguyen"},"level":"info","method":"POST","params":{"0":"/register"},"service":"user-service","timestamp":"9/1/2023, 1:32:26 PM","url":"/register"}
{"body":{},"level":"info","method":"GET","params":{"0":"/logininpageimbd/styles.css"},"service":"user-service","timestamp":"9/1/2023, 1:32:26 PM","url":"/logininpageimbd/styles.css"}
{"body":{"email":"hien@yahoo.com","password":"whatever123","reenterpassword":"whatever123","username":"kinghien","yourName":"hien nguyen"},"level":"info","method":"POST","params":{"0":"/register"},"service":"user-service","timestamp":"9/1/2023, 1:33:10 PM","url":"/register"}
{"body":{},"level":"info","method":"GET","params":{"0":"/logininpageimbd/styles.css"},"service":"user-service","timestamp":"9/1/2023, 1:33:10 PM","url":"/logininpageimbd/styles.css"}
{"body":{"email":"hien@yahoo.com","password":"whatever123","reenterpassword":"whatever123","username":"kinghien","yourName":"hien nguyen"},"level":"info","method":"POST","params":{"0":"/register"},"service":"user-service","timestamp":"9/1/2023, 1:33:21 PM","url":"/register"}
{"body":{},"level":"info","method":"GET","params":{"0":"/logininpageimbd/styles.css"},"service":"user-service","timestamp":"9/1/2023, 1:33:21 PM","url":"/logininpageimbd/styles.css"}
{"body":{"email":"hien@yahoo.com","password":"whatever123","reenterpassword":"whatever123","username":"kinghien","yourName":"hien nguyen"},"level":"info","method":"POST","params":{"0":"/register"},"service":"user-service","timestamp":"9/1/2023, 1:35:22 PM","url":"/register"}
{"body":{},"level":"info","method":"GET","params":{"0":"/logininpageimbd/styles.css"},"service":"user-service","timestamp":"9/1/2023, 1:35:22 PM","url":"/logininpageimbd/styles.css"}
{"body":{"email":"hien@yahoo.com","password":"whatever123","reenterpassword":"whatever123","username":"kinghien","yourName":"hien nguyen"},"level":"info","method":"POST","params":{"0":"/register"},"service":"user-service","timestamp":"9/1/2023, 1:35:25 PM","url":"/register"}
{"body":{},"level":"info","method":"GET","params":{"0":"/logininpageimbd/styles.css"},"service":"user-service","timestamp":"9/1/2023, 1:35:25 PM","url":"/logininpageimbd/styles.css"}
{"body":{},"level":"info","method":"GET","params":{"0":"/"},"service":"user-service","timestamp":"9/1/2023, 1:35:28 PM","url":"/"}
{"body":{},"level":"info","method":"GET","params":{"0":"/logininpageimbd/styles.css"},"service":"user-service","timestamp":"9/1/2023, 1:35:28 PM","url":"/logininpageimbd/styles.css"}
{"body":{},"level":"info","method":"GET","params":{"0":"/"},"service":"user-service","timestamp":"9/1/2023, 1:38:00 PM","url":"/"}
{"body":{},"level":"info","method":"GET","params":{"0":"/logininpageimbd/styles.css"},"service":"user-service","timestamp":"9/1/2023, 1:38:00 PM","url":"/logininpageimbd/styles.css"}
{"body":{},"level":"info","method":"GET","params":{"0":"/"},"service":"user-service","timestamp":"9/1/2023, 1:38:05 PM","url":"/"}
{"body":{},"level":"info","method":"GET","params":{"0":"/logininpageimbd/styles.css"},"service":"user-service","timestamp":"9/1/2023, 1:38:05 PM","url":"/logininpageimbd/styles.css"}
{"body":{},"level":"info","method":"GET","params":{"0":"/register"},"service":"user-service","timestamp":"9/1/2023, 1:38:11 PM","url":"/register"}
{"body":{},"level":"info","method":"GET","params":{"0":"/logininpageimbd/styles.css"},"service":"user-service","timestamp":"9/1/2023, 1:38:11 PM","url":"/logininpageimbd/styles.css"}
{"body":{},"level":"info","method":"GET","params":{"0":"/register"},"service":"user-service","timestamp":"9/1/2023, 1:38:13 PM","url":"/register"}
{"body":{},"level":"info","method":"GET","params":{"0":"/logininpageimbd/styles.css"},"service":"user-service","timestamp":"9/1/2023, 1:38:13 PM","url":"/logininpageimbd/styles.css"}
{"body":{},"level":"info","method":"GET","params":{"0":"/register"},"service":"user-service","timestamp":"9/1/2023, 1:38:16 PM","url":"/register"}
{"body":{},"level":"info","method":"GET","params":{"0":"/logininpageimbd/styles.css"},"service":"user-service","timestamp":"9/1/2023, 1:38:16 PM","url":"/logininpageimbd/styles.css"}
{"body":{},"level":"info","method":"GET","params":{"0":"/register"},"service":"user-service","timestamp":"9/1/2023, 1:38:16 PM","url":"/register"}
{"body":{},"level":"info","method":"GET","params":{"0":"/logininpageimbd/styles.css"},"service":"user-service","timestamp":"9/1/2023, 1:38:16 PM","url":"/logininpageimbd/styles.css"}
{"body":{},"level":"info","method":"GET","params":{"0":"/"},"service":"user-service","timestamp":"9/1/2023, 1:38:22 PM","url":"/"}
{"body":{},"level":"info","method":"GET","params":{"0":"/logininpageimbd/styles.css"},"service":"user-service","timestamp":"9/1/2023, 1:38:22 PM","url":"/logininpageimbd/styles.css"}
{"body":{},"level":"info","method":"GET","params":{"0":"/"},"service":"user-service","timestamp":"9/1/2023, 1:38:23 PM","url":"/"}
{"body":{},"level":"info","method":"GET","params":{"0":"/logininpageimbd/styles.css"},"service":"user-service","timestamp":"9/1/2023, 1:38:23 PM","url":"/logininpageimbd/styles.css"}
{"body":{},"level":"info","method":"GET","params":{"0":"/"},"service":"user-service","timestamp":"9/1/2023, 1:38:23 PM","url":"/"}
{"body":{},"level":"info","method":"GET","params":{"0":"/logininpageimbd/styles.css"},"service":"user-service","timestamp":"9/1/2023, 1:38:23 PM","url":"/logininpageimbd/styles.css"}
{"body":{},"level":"info","method":"GET","params":{"0":"/"},"service":"user-service","timestamp":"9/1/2023, 1:38:24 PM","url":"/"}
{"body":{},"level":"info","method":"GET","params":{"0":"/logininpageimbd/styles.css"},"service":"user-service","timestamp":"9/1/2023, 1:38:24 PM","url":"/logininpageimbd/styles.css"}
{"body":{},"level":"info","method":"GET","params":{"0":"/"},"service":"user-service","timestamp":"9/1/2023, 1:38:24 PM","url":"/"}
{"body":{},"level":"info","method":"GET","params":{"0":"/logininpageimbd/styles.css"},"service":"user-service","timestamp":"9/1/2023, 1:38:24 PM","url":"/logininpageimbd/styles.css"}
{"body":{},"level":"info","method":"GET","params":{"0":"/"},"service":"user-service","timestamp":"9/1/2023, 1:38:24 PM","url":"/"}
{"body":{},"level":"info","method":"GET","params":{"0":"/logininpageimbd/styles.css"},"service":"user-service","timestamp":"9/1/2023, 1:38:24 PM","url":"/logininpageimbd/styles.css"}
{"body":{},"level":"info","method":"GET","params":{"0":"/"},"service":"user-service","timestamp":"9/1/2023, 1:38:24 PM","url":"/"}
{"body":{},"level":"info","method":"GET","params":{"0":"/logininpageimbd/styles.css"},"service":"user-service","timestamp":"9/1/2023, 1:38:24 PM","url":"/logininpageimbd/styles.css"}
{"body":{},"level":"info","method":"GET","params":{"0":"/"},"service":"user-service","timestamp":"9/1/2023, 1:39:04 PM","url":"/"}
{"body":{},"level":"info","method":"GET","params":{"0":"/logininpageimbd/styles.css"},"service":"user-service","timestamp":"9/1/2023, 1:39:04 PM","url":"/logininpageimbd/styles.css"}
{"body":{},"level":"info","method":"GET","params":{"0":"/"},"service":"user-service","timestamp":"9/1/2023, 1:39:05 PM","url":"/"}
{"body":{},"level":"info","method":"GET","params":{"0":"/logininpageimbd/styles.css"},"service":"user-service","timestamp":"9/1/2023, 1:39:05 PM","url":"/logininpageimbd/styles.css"}
{"body":{},"level":"info","method":"GET","params":{"0":"/"},"service":"user-service","timestamp":"9/1/2023, 1:39:06 PM","url":"/"}
{"body":{},"level":"info","method":"GET","params":{"0":"/logininpageimbd/styles.css"},"service":"user-service","timestamp":"9/1/2023, 1:39:06 PM","url":"/logininpageimbd/styles.css"}
{"body":{},"level":"info","method":"GET","params":{"0":"/"},"service":"user-service","timestamp":"9/1/2023, 1:39:06 PM","url":"/"}
{"body":{},"level":"info","method":"GET","params":{"0":"/logininpageimbd/styles.css"},"service":"user-service","timestamp":"9/1/2023, 1:39:06 PM","url":"/logininpageimbd/styles.css"}
{"body":{},"level":"info","method":"GET","params":{"0":"/"},"service":"user-service","timestamp":"9/1/2023, 1:39:12 PM","url":"/"}
{"body":{},"level":"info","method":"GET","params":{"0":"/logininpageimbd/styles.css"},"service":"user-service","timestamp":"9/1/2023, 1:39:12 PM","url":"/logininpageimbd/styles.css"}
{"body":{},"level":"info","method":"GET","params":{"0":"/"},"service":"user-service","timestamp":"9/1/2023, 1:39:13 PM","url":"/"}
{"body":{},"level":"info","method":"GET","params":{"0":"/logininpageimbd/styles.css"},"service":"user-service","timestamp":"9/1/2023, 1:39:13 PM","url":"/logininpageimbd/styles.css"}
{"body":{},"level":"info","method":"GET","params":{"0":"/"},"service":"user-service","timestamp":"9/1/2023, 1:39:19 PM","url":"/"}
{"body":{},"level":"info","method":"GET","params":{"0":"/logininpageimbd/styles.css"},"service":"user-service","timestamp":"9/1/2023, 1:39:19 PM","url":"/logininpageimbd/styles.css"}
{"body":{},"level":"info","method":"GET","params":{"0":"/"},"service":"user-service","timestamp":"9/1/2023, 1:39:28 PM","url":"/"}
{"body":{},"level":"info","method":"GET","params":{"0":"/logininpageimbd/styles.css"},"service":"user-service","timestamp":"9/1/2023, 1:39:28 PM","url":"/logininpageimbd/styles.css"}
{"body":{},"level":"info","method":"GET","params":{"0":"/"},"service":"user-service","timestamp":"9/1/2023, 1:39:29 PM","url":"/"}
{"body":{},"level":"info","method":"GET","params":{"0":"/logininpageimbd/styles.css"},"service":"user-service","timestamp":"9/1/2023, 1:39:29 PM","url":"/logininpageimbd/styles.css"}
{"body":{},"level":"info","method":"GET","params":{"0":"/"},"service":"user-service","timestamp":"9/1/2023, 1:39:29 PM","url":"/"}
{"body":{},"level":"info","method":"GET","params":{"0":"/logininpageimbd/styles.css"},"service":"user-service","timestamp":"9/1/2023, 1:39:29 PM","url":"/logininpageimbd/styles.css"}
{"body":{},"level":"info","method":"GET","params":{"0":"/"},"service":"user-service","timestamp":"9/1/2023, 1:39:29 PM","url":"/"}
{"body":{},"level":"info","method":"GET","params":{"0":"/logininpageimbd/styles.css"},"service":"user-service","timestamp":"9/1/2023, 1:39:29 PM","url":"/logininpageimbd/styles.css"}
{"body":{},"level":"info","method":"GET","params":{"0":"/"},"service":"user-service","timestamp":"9/1/2023, 1:39:29 PM","url":"/"}
{"body":{},"level":"info","method":"GET","params":{"0":"/logininpageimbd/styles.css"},"service":"user-service","timestamp":"9/1/2023, 1:39:30 PM","url":"/logininpageimbd/styles.css"}
{"body":{},"level":"info","method":"GET","params":{"0":"/"},"service":"user-service","timestamp":"9/1/2023, 1:39:45 PM","url":"/"}
{"body":{},"level":"info","method":"GET","params":{"0":"/logininpageimbd/styles.css"},"service":"user-service","timestamp":"9/1/2023, 1:39:45 PM","url":"/logininpageimbd/styles.css"}
{"body":{},"level":"info","method":"GET","params":{"0":"/"},"service":"user-service","timestamp":"9/1/2023, 1:39:48 PM","url":"/"}
{"body":{},"level":"info","method":"GET","params":{"0":"/logininpageimbd/styles.css"},"service":"user-service","timestamp":"9/1/2023, 1:39:48 PM","url":"/logininpageimbd/styles.css"}
{"body":{},"level":"info","method":"GET","params":{"0":"/"},"service":"user-service","timestamp":"9/1/2023, 1:40:08 PM","url":"/"}
{"body":{},"level":"info","method":"GET","params":{"0":"/logininpageimbd/styles.css"},"service":"user-service","timestamp":"9/1/2023, 1:40:08 PM","url":"/logininpageimbd/styles.css"}
{"body":{},"level":"info","method":"GET","params":{"0":"/"},"service":"user-service","timestamp":"9/1/2023, 1:40:09 PM","url":"/"}
{"body":{},"level":"info","method":"GET","params":{"0":"/logininpageimbd/styles.css"},"service":"user-service","timestamp":"9/1/2023, 1:40:09 PM","url":"/logininpageimbd/styles.css"}
{"body":{},"level":"info","method":"GET","params":{"0":"/"},"service":"user-service","timestamp":"9/1/2023, 1:40:22 PM","url":"/"}
{"body":{},"level":"info","method":"GET","params":{"0":"/logininpageimbd/styles.css"},"service":"user-service","timestamp":"9/1/2023, 1:40:22 PM","url":"/logininpageimbd/styles.css"}
{"body":{},"level":"info","method":"GET","params":{"0":"/"},"service":"user-service","timestamp":"9/1/2023, 1:40:22 PM","url":"/"}
{"body":{},"level":"info","method":"GET","params":{"0":"/logininpageimbd/styles.css"},"service":"user-service","timestamp":"9/1/2023, 1:40:22 PM","url":"/logininpageimbd/styles.css"}
{"body":{},"level":"info","method":"GET","params":{"0":"/"},"service":"user-service","timestamp":"9/1/2023, 1:40:23 PM","url":"/"}
{"body":{},"level":"info","method":"GET","params":{"0":"/logininpageimbd/styles.css"},"service":"user-service","timestamp":"9/1/2023, 1:40:23 PM","url":"/logininpageimbd/styles.css"}
{"body":{},"level":"info","method":"GET","params":{"0":"/"},"service":"user-service","timestamp":"9/1/2023, 1:40:23 PM","url":"/"}
{"body":{},"level":"info","method":"GET","params":{"0":"/logininpageimbd/styles.css"},"service":"user-service","timestamp":"9/1/2023, 1:40:23 PM","url":"/logininpageimbd/styles.css"}
{"body":{},"level":"info","method":"GET","params":{"0":"/"},"service":"user-service","timestamp":"9/1/2023, 1:40:23 PM","url":"/"}
{"body":{},"level":"info","method":"GET","params":{"0":"/logininpageimbd/styles.css"},"service":"user-service","timestamp":"9/1/2023, 1:40:23 PM","url":"/logininpageimbd/styles.css"}
{"body":{},"level":"info","method":"GET","params":{"0":"/"},"service":"user-service","timestamp":"9/1/2023, 1:46:48 PM","url":"/"}
{"body":{},"level":"info","method":"GET","params":{"0":"/logininpageimbd/styles.css"},"service":"user-service","timestamp":"9/1/2023, 1:46:48 PM","url":"/logininpageimbd/styles.css"}
{"body":{},"level":"info","method":"GET","params":{"0":"/"},"service":"user-service","timestamp":"9/1/2023, 1:46:49 PM","url":"/"}
{"body":{},"level":"info","method":"GET","params":{"0":"/logininpageimbd/styles.css"},"service":"user-service","timestamp":"9/1/2023, 1:46:49 PM","url":"/logininpageimbd/styles.css"}
{"body":{},"level":"info","method":"GET","params":{"0":"/"},"service":"user-service","timestamp":"9/1/2023, 1:46:50 PM","url":"/"}
{"body":{},"level":"info","method":"GET","params":{"0":"/logininpageimbd/styles.css"},"service":"user-service","timestamp":"9/1/2023, 1:46:50 PM","url":"/logininpageimbd/styles.css"}
{"body":{},"level":"info","method":"GET","params":{"0":"/"},"service":"user-service","timestamp":"9/1/2023, 1:47:18 PM","url":"/"}
{"body":{},"level":"info","method":"GET","params":{"0":"/logininpageimbd/styles.css"},"service":"user-service","timestamp":"9/1/2023, 1:47:18 PM","url":"/logininpageimbd/styles.css"}
{"body":{},"level":"info","method":"GET","params":{"0":"/"},"service":"user-service","timestamp":"9/1/2023, 1:47:19 PM","url":"/"}
{"body":{},"level":"info","method":"GET","params":{"0":"/logininpageimbd/styles.css"},"service":"user-service","timestamp":"9/1/2023, 1:47:19 PM","url":"/logininpageimbd/styles.css"}
{"body":{},"level":"info","method":"GET","params":{"0":"/"},"service":"user-service","timestamp":"9/1/2023, 1:47:20 PM","url":"/"}
{"body":{},"level":"info","method":"GET","params":{"0":"/logininpageimbd/styles.css"},"service":"user-service","timestamp":"9/1/2023, 1:47:20 PM","url":"/logininpageimbd/styles.css"}
{"body":{},"level":"info","method":"GET","params":{"0":"/"},"service":"user-service","timestamp":"9/1/2023, 1:47:49 PM","url":"/"}
{"body":{},"level":"info","method":"GET","params":{"0":"/logininpageimbd/styles.css"},"service":"user-service","timestamp":"9/1/2023, 1:47:49 PM","url":"/logininpageimbd/styles.css"}
{"body":{},"level":"info","method":"GET","params":{"0":"/"},"service":"user-service","timestamp":"9/1/2023, 1:47:50 PM","url":"/"}
{"body":{},"level":"info","method":"GET","params":{"0":"/logininpageimbd/styles.css"},"service":"user-service","timestamp":"9/1/2023, 1:47:50 PM","url":"/logininpageimbd/styles.css"}
{"body":{},"level":"info","method":"GET","params":{"0":"/"},"service":"user-service","timestamp":"9/1/2023, 1:48:19 PM","url":"/"}
{"body":{},"level":"info","method":"GET","params":{"0":"/logininpageimbd/styles.css"},"service":"user-service","timestamp":"9/1/2023, 1:48:19 PM","url":"/logininpageimbd/styles.css"}
{"body":{},"level":"info","method":"GET","params":{"0":"/"},"service":"user-service","timestamp":"9/1/2023, 1:48:22 PM","url":"/"}
{"body":{},"level":"info","method":"GET","params":{"0":"/logininpageimbd/styles.css"},"service":"user-service","timestamp":"9/1/2023, 1:48:22 PM","url":"/logininpageimbd/styles.css"}
{"body":{},"level":"info","method":"GET","params":{"0":"/"},"service":"user-service","timestamp":"9/1/2023, 1:48:35 PM","url":"/"}
{"body":{},"level":"info","method":"GET","params":{"0":"/logininpageimbd/styles.css"},"service":"user-service","timestamp":"9/1/2023, 1:48:35 PM","url":"/logininpageimbd/styles.css"}
{"body":{},"level":"info","method":"GET","params":{"0":"/"},"service":"user-service","timestamp":"9/1/2023, 1:48:36 PM","url":"/"}
{"body":{},"level":"info","method":"GET","params":{"0":"/logininpageimbd/styles.css"},"service":"user-service","timestamp":"9/1/2023, 1:48:36 PM","url":"/logininpageimbd/styles.css"}
{"body":{},"level":"info","method":"GET","params":{"0":"/"},"service":"user-service","timestamp":"9/1/2023, 1:49:08 PM","url":"/"}
{"body":{},"level":"info","method":"GET","params":{"0":"/logininpageimbd/styles.css"},"service":"user-service","timestamp":"9/1/2023, 1:49:08 PM","url":"/logininpageimbd/styles.css"}
{"body":{},"level":"info","method":"GET","params":{"0":"/logininpageimbd/styles.css"},"service":"user-service","timestamp":"9/1/2023, 1:49:08 PM","url":"/logininpageimbd/styles.css"}
{"body":{},"level":"info","method":"GET","params":{"0":"/"},"service":"user-service","timestamp":"9/1/2023, 1:49:09 PM","url":"/"}
{"body":{},"level":"info","method":"GET","params":{"0":"/logininpageimbd/styles.css"},"service":"user-service","timestamp":"9/1/2023, 1:49:09 PM","url":"/logininpageimbd/styles.css"}
{"body":{},"level":"info","method":"GET","params":{"0":"/"},"service":"user-service","timestamp":"9/1/2023, 1:49:10 PM","url":"/"}
{"body":{},"level":"info","method":"GET","params":{"0":"/logininpageimbd/styles.css"},"service":"user-service","timestamp":"9/1/2023, 1:49:10 PM","url":"/logininpageimbd/styles.css"}
{"body":{},"level":"info","method":"GET","params":{"0":"/"},"service":"user-service","timestamp":"9/1/2023, 1:49:14 PM","url":"/"}
{"body":{},"level":"info","method":"GET","params":{"0":"/logininpageimbd/styles.css"},"service":"user-service","timestamp":"9/1/2023, 1:49:14 PM","url":"/logininpageimbd/styles.css"}
{"body":{},"level":"info","method":"GET","params":{"0":"/"},"service":"user-service","timestamp":"9/1/2023, 1:49:17 PM","url":"/"}
{"body":{},"level":"info","method":"GET","params":{"0":"/logininpageimbd/styles.css"},"service":"user-service","timestamp":"9/1/2023, 1:49:17 PM","url":"/logininpageimbd/styles.css"}
{"body":{},"level":"info","method":"GET","params":{"0":"/"},"service":"user-service","timestamp":"9/1/2023, 1:49:26 PM","url":"/"}
{"body":{},"level":"info","method":"GET","params":{"0":"/logininpageimbd/styles.css"},"service":"user-service","timestamp":"9/1/2023, 1:49:26 PM","url":"/logininpageimbd/styles.css"}
{"body":{},"level":"info","method":"GET","params":{"0":"/"},"service":"user-service","timestamp":"9/1/2023, 1:49:36 PM","url":"/"}
{"body":{},"level":"info","method":"GET","params":{"0":"/logininpageimbd/styles.css"},"service":"user-service","timestamp":"9/1/2023, 1:49:36 PM","url":"/logininpageimbd/styles.css"}
{"body":{},"level":"info","method":"GET","params":{"0":"/"},"service":"user-service","timestamp":"9/1/2023, 1:49:37 PM","url":"/"}
{"body":{},"level":"info","method":"GET","params":{"0":"/logininpageimbd/styles.css"},"service":"user-service","timestamp":"9/1/2023, 1:49:37 PM","url":"/logininpageimbd/styles.css"}
{"body":{},"level":"info","method":"GET","params":{"0":"/"},"service":"user-service","timestamp":"9/1/2023, 1:49:38 PM","url":"/"}
{"body":{},"level":"info","method":"GET","params":{"0":"/logininpageimbd/styles.css"},"service":"user-service","timestamp":"9/1/2023, 1:49:38 PM","url":"/logininpageimbd/styles.css"}
{"body":{},"level":"info","method":"GET","params":{"0":"/"},"service":"user-service","timestamp":"9/1/2023, 1:50:08 PM","url":"/"}
{"body":{},"level":"info","method":"GET","params":{"0":"/logininpageimbd/styles.css"},"service":"user-service","timestamp":"9/1/2023, 1:50:08 PM","url":"/logininpageimbd/styles.css"}
{"body":{},"level":"info","method":"GET","params":{"0":"/"},"service":"user-service","timestamp":"9/1/2023, 1:50:08 PM","url":"/"}
{"body":{},"level":"info","method":"GET","params":{"0":"/logininpageimbd/styles.css"},"service":"user-service","timestamp":"9/1/2023, 1:50:09 PM","url":"/logininpageimbd/styles.css"}
{"body":{},"level":"info","method":"GET","params":{"0":"/logininpageimbd/styles.css"},"service":"user-service","timestamp":"9/1/2023, 1:50:09 PM","url":"/logininpageimbd/styles.css"}
{"body":{},"level":"info","method":"GET","params":{"0":"/"},"service":"user-service","timestamp":"9/1/2023, 1:50:32 PM","url":"/"}
{"body":{},"level":"info","method":"GET","params":{"0":"/logininpageimbd/styles.css"},"service":"user-service","timestamp":"9/1/2023, 1:50:32 PM","url":"/logininpageimbd/styles.css"}
{"body":{},"level":"info","method":"GET","params":{"0":"/"},"service":"user-service","timestamp":"9/1/2023, 1:50:33 PM","url":"/"}
{"body":{},"level":"info","method":"GET","params":{"0":"/logininpageimbd/styles.css"},"service":"user-service","timestamp":"9/1/2023, 1:50:33 PM","url":"/logininpageimbd/styles.css"}
{"body":{},"level":"info","method":"GET","params":{"0":"/"},"service":"user-service","timestamp":"9/1/2023, 1:50:33 PM","url":"/"}
{"body":{},"level":"info","method":"GET","params":{"0":"/logininpageimbd/styles.css"},"service":"user-service","timestamp":"9/1/2023, 1:50:33 PM","url":"/logininpageimbd/styles.css"}
